<?xml version="1.0" encoding="UTF-8"?>
<!-- Generated by org.testng.reporters.JUnitXMLReporter -->
<testsuite ignored="1" hostname="LAPTOP-GMFDT67H" failures="0" tests="2" name="FirefoxTest" time="20.158" errors="0" timestamp="2024-10-19T15:24:37 IST">
  <testcase classname="testCases.TC001_Acc_reg" name="reg_validation" time="3.201"/>
  <testcase classname="testCases.TC002_login_valid_creden" name="login" time="1.76"/>
  <testcase classname="testCases.TC003_login_DDT" name="login" time="0.0">
    <ignored/>
  </testcase> <!-- login -->
</testsuite> <!-- FirefoxTest -->
