<?xml version="1.0" encoding="UTF-8"?>
<!-- Generated by org.testng.reporters.JUnitXMLReporter -->
<testsuite ignored="1" hostname="LAPTOP-GMFDT67H" failures="0" tests="2" name="ChromeTest" time="37.533" errors="0" timestamp="2024-10-21T21:58:44 IST">
  <testcase classname="testCases.TC001_Acc_reg" name="reg_validation" time="5.231"/>
  <testcase classname="testCases.TC002_login_valid_creden" name="login" time="2.391"/>
  <testcase classname="testCases.TC003_login_DDT" name="login" time="0.0">
    <ignored/>
  </testcase> <!-- login -->
</testsuite> <!-- ChromeTest -->
