<?xml version="1.0" encoding="UTF-8"?>
<!-- Generated by org.testng.reporters.JUnitXMLReporter -->
<testsuite ignored="2" hostname="LAPTOP-GMFDT67H" failures="0" tests="1" name="ChromeTest" time="8.739" errors="0" timestamp="2025-01-29T01:07:27 IST">
  <testcase classname="testCases.TC002_login_valid_creden" name="login" time="2.711"/>
  <testcase classname="testCases.TC003_login_DDT" name="login" time="0.0">
    <ignored/>
  </testcase> <!-- login -->
  <testcase classname="testCases.TC001_Acc_reg" name="reg_validation" time="0.0">
    <ignored/>
  </testcase> <!-- reg_validation -->
</testsuite> <!-- ChromeTest -->
