<?xml version="1.0" encoding="UTF-8"?>
<testng-results ignored="0" total="4" passed="4" failed="0" skipped="0">
  <reporter-output>
  </reporter-output>
  <suite started-at="2024-10-21T21:58:05 IST" name="Suite" finished-at="2024-10-21T21:59:27 IST" duration-ms="82257">
    <groups>
      <group name="Master">
        <method signature="TC001_Acc_reg.reg_validation()[pri:0, instance:testCases.TC001_Acc_reg@3b69e7d1]" name="reg_validation" class="testCases.TC001_Acc_reg"/>
        <method signature="TC002_login_valid_creden.login()[pri:0, instance:testCases.TC002_login_valid_creden@815b41f]" name="login" class="testCases.TC002_login_valid_creden"/>
        <method signature="TC001_Acc_reg.reg_validation()[pri:0, instance:testCases.TC001_Acc_reg@279fedbd]" name="reg_validation" class="testCases.TC001_Acc_reg"/>
        <method signature="TC002_login_valid_creden.login()[pri:0, instance:testCases.TC002_login_valid_creden@b3ca52e]" name="login" class="testCases.TC002_login_valid_creden"/>
      </group> <!-- Master -->
      <group name="Sanity">
        <method signature="TC001_Acc_reg.reg_validation()[pri:0, instance:testCases.TC001_Acc_reg@3b69e7d1]" name="reg_validation" class="testCases.TC001_Acc_reg"/>
        <method signature="TC001_Acc_reg.reg_validation()[pri:0, instance:testCases.TC001_Acc_reg@279fedbd]" name="reg_validation" class="testCases.TC001_Acc_reg"/>
      </group> <!-- Sanity -->
      <group name="Regression">
        <method signature="TC002_login_valid_creden.login()[pri:0, instance:testCases.TC002_login_valid_creden@815b41f]" name="login" class="testCases.TC002_login_valid_creden"/>
        <method signature="TC002_login_valid_creden.login()[pri:0, instance:testCases.TC002_login_valid_creden@b3ca52e]" name="login" class="testCases.TC002_login_valid_creden"/>
      </group> <!-- Regression -->
    </groups>
    <test started-at="2024-10-21T21:58:05 IST" name="ChromeTest" finished-at="2024-10-21T21:58:43 IST" duration-ms="37533">
      <class name="testCases.TC001_Acc_reg">
        <test-method is-config="true" signature="setup(java.lang.String)[pri:0, instance:testCases.TC001_Acc_reg@3b69e7d1]" started-at="2024-10-21T21:58:05 IST" name="setup" finished-at="2024-10-21T21:58:27 IST" duration-ms="21782" status="PASS">
          <params>
            <param index="0">
              <value>
                <![CDATA[chrome]]>
              </value>
            </param>
          </params>
          <reporter-output>
          </reporter-output>
        </test-method> <!-- setup -->
        <test-method signature="reg_validation()[pri:0, instance:testCases.TC001_Acc_reg@3b69e7d1]" started-at="2024-10-21T21:58:27 IST" name="reg_validation" finished-at="2024-10-21T21:58:32 IST" duration-ms="5231" status="PASS">
          <reporter-output>
          </reporter-output>
        </test-method> <!-- reg_validation -->
        <test-method is-config="true" signature="tear_down()[pri:0, instance:testCases.TC001_Acc_reg@3b69e7d1]" started-at="2024-10-21T21:58:33 IST" name="tear_down" finished-at="2024-10-21T21:58:33 IST" duration-ms="311" status="PASS">
          <reporter-output>
          </reporter-output>
        </test-method> <!-- tear_down -->
      </class> <!-- testCases.TC001_Acc_reg -->
      <class name="testCases.TC002_login_valid_creden">
        <test-method is-config="true" signature="setup(java.lang.String)[pri:0, instance:testCases.TC002_login_valid_creden@815b41f]" started-at="2024-10-21T21:58:33 IST" name="setup" finished-at="2024-10-21T21:58:40 IST" duration-ms="6862" status="PASS">
          <params>
            <param index="0">
              <value>
                <![CDATA[chrome]]>
              </value>
            </param>
          </params>
          <reporter-output>
          </reporter-output>
        </test-method> <!-- setup -->
        <test-method signature="login()[pri:0, instance:testCases.TC002_login_valid_creden@815b41f]" started-at="2024-10-21T21:58:40 IST" name="login" finished-at="2024-10-21T21:58:42 IST" duration-ms="2391" status="PASS">
          <reporter-output>
          </reporter-output>
        </test-method> <!-- login -->
        <test-method is-config="true" signature="tear_down()[pri:0, instance:testCases.TC002_login_valid_creden@815b41f]" started-at="2024-10-21T21:58:42 IST" name="tear_down" finished-at="2024-10-21T21:58:43 IST" duration-ms="292" status="PASS">
          <reporter-output>
          </reporter-output>
        </test-method> <!-- tear_down -->
      </class> <!-- testCases.TC002_login_valid_creden -->
    </test> <!-- ChromeTest -->
    <test started-at="2024-10-21T21:58:44 IST" name="FirefoxTest" finished-at="2024-10-21T21:59:27 IST" duration-ms="43536">
      <class name="testCases.TC001_Acc_reg">
        <test-method is-config="true" signature="setup(java.lang.String)[pri:0, instance:testCases.TC001_Acc_reg@279fedbd]" started-at="2024-10-21T21:58:44 IST" name="setup" finished-at="2024-10-21T21:59:13 IST" duration-ms="28934" status="PASS">
          <params>
            <param index="0">
              <value>
                <![CDATA[firefox]]>
              </value>
            </param>
          </params>
          <reporter-output>
          </reporter-output>
        </test-method> <!-- setup -->
        <test-method signature="reg_validation()[pri:0, instance:testCases.TC001_Acc_reg@279fedbd]" started-at="2024-10-21T21:59:13 IST" name="reg_validation" finished-at="2024-10-21T21:59:16 IST" duration-ms="3540" status="PASS">
          <reporter-output>
          </reporter-output>
        </test-method> <!-- reg_validation -->
        <test-method is-config="true" signature="tear_down()[pri:0, instance:testCases.TC001_Acc_reg@279fedbd]" started-at="2024-10-21T21:59:16 IST" name="tear_down" finished-at="2024-10-21T21:59:18 IST" duration-ms="1217" status="PASS">
          <reporter-output>
          </reporter-output>
        </test-method> <!-- tear_down -->
      </class> <!-- testCases.TC001_Acc_reg -->
      <class name="testCases.TC002_login_valid_creden">
        <test-method is-config="true" signature="setup(java.lang.String)[pri:0, instance:testCases.TC002_login_valid_creden@b3ca52e]" started-at="2024-10-21T21:59:18 IST" name="setup" finished-at="2024-10-21T21:59:24 IST" duration-ms="6599" status="PASS">
          <params>
            <param index="0">
              <value>
                <![CDATA[firefox]]>
              </value>
            </param>
          </params>
          <reporter-output>
          </reporter-output>
        </test-method> <!-- setup -->
        <test-method signature="login()[pri:0, instance:testCases.TC002_login_valid_creden@b3ca52e]" started-at="2024-10-21T21:59:24 IST" name="login" finished-at="2024-10-21T21:59:26 IST" duration-ms="1754" status="PASS">
          <reporter-output>
          </reporter-output>
        </test-method> <!-- login -->
        <test-method is-config="true" signature="tear_down()[pri:0, instance:testCases.TC002_login_valid_creden@b3ca52e]" started-at="2024-10-21T21:59:26 IST" name="tear_down" finished-at="2024-10-21T21:59:27 IST" duration-ms="1246" status="PASS">
          <reporter-output>
          </reporter-output>
        </test-method> <!-- tear_down -->
      </class> <!-- testCases.TC002_login_valid_creden -->
    </test> <!-- FirefoxTest -->
  </suite> <!-- Suite -->
</testng-results>
